<?xml version="1.0" encoding="UTF-8"?>
<testsuite xmlns:xsi="http://www.w3.org/2001/XMLSchema-instance" xsi:noNamespaceSchemaLocation="https://maven.apache.org/surefire/maven-surefire-plugin/xsd/surefire-test-report.xsd" name="org.testing.project.AppTest" time="0.103" tests="7" errors="0" skipped="0" failures="0">
  <properties>
[...]
</properties>
  <testcase name="testGetGrade" classname="org.testing.project.AppTest" time="0.012"/>
  <testcase name="shouldAnswerWithTrue" classname="org.testing.project.AppTest" time="0"/>
  <testcase name="testAdd" classname="org.testing.project.AppTest" time="0"/>
  <testcase name="testSub" classname="org.testing.project.AppTest" time="0"/>
  <testcase name="testGetAreaOfCircle" classname="org.testing.project.AppTest" time="0"/>
  <testcase name="testIsFiveDigit" classname="org.testing.project.AppTest" time="0"/>
  <testcase name="testGetAreaOfRectangle" classname="org.testing.project.AppTest" time="0"/>
</testsuite>